
> charm-scraper@1.0.0 build
> next build

▲ Next.js 16.1.6 (Turbopack)

  Creating an optimized production build ...
✓ Compiled successfully in 5.9s
  Running TypeScript ...
  Collecting page data using 3 workers ...
  Generating static pages using 3 workers (0/7) ...
  Generating static pages using 3 workers (1/7)
  Generating static pages using 3 workers (3/7)
  Generating static pages using 3 workers (5/7)
✓ Generating static pages using 3 workers (7/7) in 338.1ms
  Finalizing page optimization ...

Route (app)
┌ ○ /
├ ○ /_not-found
├ ƒ /api/vehicle/dtc
├ ƒ /api/vehicle/identify
├ ƒ /api/vehicle/labor
└ ƒ /api/vehicle/repair


○  (Static)   prerendered as static content
ƒ  (Dynamic)  server-rendered on demand
